<?xml version="1.0" encoding="UTF-8"?>
<coverage generated="1683509576597" clover="3.2.0">
  <project timestamp="1683509576597" name="All files">
    <metrics statements="6" coveredstatements="6" conditionals="6" coveredconditionals="6" methods="1" coveredmethods="1" elements="13" coveredelements="13" complexity="0" loc="6" ncloc="6" packages="1" files="1" classes="1"/>
    <file name=" createItem.js" path="/home/joao/exercicios Trybe/Trybe-exercises2023/Fundamentos/06 - Introdução à JavaScript ES6 e Testes Unitários/dia 3/fixacao-testes/src/ createItem.js">
      <metrics statements="6" coveredstatements="6" conditionals="6" coveredconditionals="6" methods="1" coveredmethods="1"/>
      <line num="1" count="1" type="stmt"/>
      <line num="3" count="6" type="cond" truecount="2" falsecount="0"/>
      <line num="5" count="4" type="cond" truecount="2" falsecount="0"/>
      <line num="7" count="2" type="cond" truecount="2" falsecount="0"/>
      <line num="9" count="2" type="stmt"/>
      <line num="17" count="1" type="stmt"/>
    </file>
  </project>
</coverage>
