{"/home/joao/exercicios Trybe/Trybe-exercises2023/Fundamentos/06 - Introdução à JavaScript ES6 e Testes Unitários/dia 3/fixacao-testes/src/ createItem.js": {"path":"/home/joao/exercicios Trybe/Trybe-exercises2023/Fundamentos/06 - Introdução à JavaScript ES6 e Testes Unitários/dia 3/fixacao-testes/src/ createItem.js","statementMap":{"0":{"start":{"line":1,"column":19},"end":{"line":15,"column":3}},"1":{"start":{"line":3,"column":4},"end":{"line":3,"column":91}},"2":{"start":{"line":3,"column":36},"end":{"line":3,"column":89}},"3":{"start":{"line":5,"column":4},"end":{"line":5,"column":82}},"4":{"start":{"line":5,"column":22},"end":{"line":5,"column":80}},"5":{"start":{"line":7,"column":4},"end":{"line":7,"column":48}},"6":{"start":{"line":7,"column":34},"end":{"line":7,"column":46}},"7":{"start":{"line":9,"column":4},"end":{"line":14,"column":6}},"8":{"start":{"line":17,"column":2},"end":{"line":17,"column":30}}},"fnMap":{"0":{"name":"(anonymous_0)","decl":{"start":{"line":1,"column":19},"end":{"line":1,"column":20}},"loc":{"start":{"line":1,"column":52},"end":{"line":15,"column":3}},"line":1}},"branchMap":{"0":{"loc":{"start":{"line":3,"column":4},"end":{"line":3,"column":91}},"type":"if","locations":[{"start":{"line":3,"column":4},"end":{"line":3,"column":91}},{"start":{},"end":{}}],"line":3},"1":{"loc":{"start":{"line":5,"column":4},"end":{"line":5,"column":82}},"type":"if","locations":[{"start":{"line":5,"column":4},"end":{"line":5,"column":82}},{"start":{},"end":{}}],"line":5},"2":{"loc":{"start":{"line":7,"column":4},"end":{"line":7,"column":48}},"type":"if","locations":[{"start":{"line":7,"column":4},"end":{"line":7,"column":48}},{"start":{},"end":{}}],"line":7}},"s":{"0":1,"1":6,"2":2,"3":4,"4":2,"5":2,"6":1,"7":2,"8":1},"f":{"0":6},"b":{"0":[2,4],"1":[2,2],"2":[1,1]},"_coverageSchema":"1a1c01bbd47fc00a2c39e90264f33305004495a9","hash":"41fdb6625342c9cd1f6728bddd587cf8cbe76fa8"}
}
